<html>
<body>
<pre>
<h1>µVision Build Log</h1>
<h2>Project:</h2>
C:\Users\student\Desktop\210905368\practice\ex2\ex2.uvproj
Project File Date:  02/01/2023

<h2>Output:</h2>
Build target 'Target 1'
assembling ex2.s...
ex2.s(17): warning: A1581W: Added 2 bytes of padding at address 0xa
linking...
Program Size: Code=24 RO-data=8 RW-data=4 ZI-data=0  
".\ex2.axf" - 0 Error(s), 1 Warning(s).
</pre>
</body>
</html>
g opcode or Macro
ex2.s(14): error: A1163E: Unknown opcode R3,[R1] , expecting opcode or Macro
ex2.s(16): error: A1163E: Unknown opcode STOP , expecting opcode or Macro
ex2.s(18): error: A1163E: Unknown opcode mydata, , expecting opcode or Macro
ex2.s(21): warning: A1447W: Missing END directive at end of file, but found a label named END
".\ex2.axf" - 6 Error(s), 1 Warning(s).
Target not created
